<?xml version="1.0" encoding="UTF-8"?>
<!-- Generated by org.testng.reporters.JUnitReportReporter -->
<testsuite skipped="0" hostname="DESKTOP-HSUOAA9" name="api.tests.UsersTests" tests="9" failures="0" timestamp="02 Jun 2023 14:07:58 GMT" time="13.091" errors="0">
  <testcase name="testCreateUser" time="1.288" classname="api.tests.UsersTests"/>
  <testcase name="testCreateUser" time="1.328" classname="api.tests.UsersTests"/>
  <testcase name="testCreateUser" time="3.164" classname="api.tests.UsersTests"/>
  <testcase name="updateUserTest" time="1.220" classname="api.tests.UsersTests"/>
  <testcase name="updateUserTest" time="1.190" classname="api.tests.UsersTests"/>
  <testcase name="updateUserTest" time="1.177" classname="api.tests.UsersTests"/>
  <testcase name="testGetUser" time="1.164" classname="api.tests.UsersTests"/>
  <testcase name="testGetUser" time="1.259" classname="api.tests.UsersTests"/>
  <testcase name="testGetUser" time="1.301" classname="api.tests.UsersTests"/>
</testsuite> <!-- api.tests.UsersTests -->
